<?xml version="1.0" encoding="UTF-8"?>
<!-- Generated by org.testng.reporters.JUnitReportReporter -->
<testsuite skipped="0" hostname="LAPTOP-D2GVCL39" name="regression.InventoryProduct" tests="1" failures="0" timestamp="2022-08-05T21:35:42 IST" time="0.008" errors="0">
  <testcase name="verifyUserCanAddProduct" time="0.008" classname="regression.InventoryProduct"/>
  <system-out/>
</testsuite> <!-- regression.InventoryProduct -->
